System Manager Starting...
Configured Cloudflare Zone: 
Configured Cloudflare Token:
[GIN-debug] [WARNING] Creating an Engine instance with the Logger and Recovery middleware already attached.

[GIN-debug] [WARNING] Running in "debug" mode. Switch to "release" mode in production.
 - using env:	export GIN_MODE=release
 - using code:	gin.SetMode(gin.ReleaseMode)

[GIN-debug] POST   /api/login                --> main.loginHandler (4 handlers)
[GIN-debug] GET    /api/system               --> main.getSystemInfo (5 handlers)
[GIN-debug] GET    /api/network              --> main.getNetworkInfo (5 handlers)
[GIN-debug] GET    /api/processes            --> main.getProcesses (5 handlers)
[GIN-debug] POST   /api/processes/kill       --> main.killProcess (5 handlers)
[GIN-debug] GET    /api/nginx/files          --> main.listNginxFiles (5 handlers)
[GIN-debug] GET    /api/nginx/file           --> main.getNginxFile (5 handlers)
[GIN-debug] POST   /api/nginx/file           --> main.saveNginxFile (5 handlers)
[GIN-debug] POST   /api/nginx/create-site    --> main.createSite (5 handlers)
[GIN-debug] POST   /api/cloudflare/add-record --> main.addDNSRecord (5 handlers)
[GIN-debug] GET    /api/cloudflare/records   --> main.listDNSRecords (5 handlers)
[GIN-debug] PUT    /api/cloudflare/record/:id --> main.updateDNSRecord (5 handlers)
[GIN-debug] DELETE /api/cloudflare/record/:id --> main.deleteDNSRecord (5 handlers)
[GIN-debug] GET    /api/firewall             --> main.getFirewallStatus (5 handlers)
[GIN-debug] POST   /api/firewall/add         --> main.addFirewallRule (5 handlers)
[GIN-debug] POST   /api/firewall/delete      --> main.deleteFirewallRule (5 handlers)
[GIN-debug] GET    /api/terminal             --> main.terminalHandler (5 handlers)
[GIN-debug] [WARNING] You trusted all proxies, this is NOT safe. We recommend you to set a value.
Please check https://github.com/gin-gonic/gin/blob/master/docs/doc.md#dont-trust-all-proxies for details.
[GIN-debug] Listening and serving HTTP on :8010


